2025-07-24 17:44:10,990 - app.main - INFO - Starting up Car Rental DApp API...
2025-07-24 17:44:11,037 - app.core.database - INFO - Database tables created successfully
2025-07-24 17:44:11,037 - app.main - INFO - Database tables created successfully
2025-07-24 17:44:35,118 - app.main - INFO - Shutting down Car Rental DApp API...
2025-07-24 17:44:37,625 - app.main - INFO - Starting up Car Rental DApp API...
2025-07-24 17:44:37,676 - app.core.database - INFO - Database tables created successfully
2025-07-24 17:44:37,678 - app.main - INFO - Database tables created successfully
2025-07-24 17:45:16,510 - app.main - INFO - Shutting down Car Rental DApp API...
2025-07-24 17:45:18,653 - app.main - INFO - Starting up Car Rental DApp API...
2025-07-24 17:45:18,703 - app.core.database - INFO - Database tables created successfully
2025-07-24 17:45:18,704 - app.main - INFO - Database tables created successfully
2025-07-24 17:45:23,521 - app.main - INFO - Shutting down Car Rental DApp API...
2025-07-24 17:45:25,676 - app.main - INFO - Starting up Car Rental DApp API...
2025-07-24 17:45:25,728 - app.core.database - INFO - Database tables created successfully
2025-07-24 17:45:25,729 - app.main - INFO - Database tables created successfully
2025-07-24 17:45:39,575 - app.main - INFO - Shutting down Car Rental DApp API...
2025-07-24 17:45:41,700 - app.main - INFO - Starting up Car Rental DApp API...
2025-07-24 17:45:41,742 - app.core.database - INFO - Database tables created successfully
2025-07-24 17:45:41,742 - app.main - INFO - Database tables created successfully
2025-07-24 17:46:27,602 - app.main - INFO - Shutting down Car Rental DApp API...
2025-07-24 17:46:30,462 - app.main - INFO - Starting up Car Rental DApp API...
2025-07-24 17:46:30,501 - app.core.database - INFO - Database tables created successfully
2025-07-24 17:46:30,502 - app.main - INFO - Database tables created successfully
2025-07-24 17:46:50,472 - app.main - INFO - Shutting down Car Rental DApp API...
2025-07-24 17:46:52,436 - app.main - INFO - Starting up Car Rental DApp API...
2025-07-24 17:46:52,469 - app.core.database - INFO - Database tables created successfully
2025-07-24 17:46:52,470 - app.main - INFO - Database tables created successfully
2025-07-24 17:47:06,516 - app.main - INFO - Shutting down Car Rental DApp API...
2025-07-24 17:47:08,339 - app.main - INFO - Starting up Car Rental DApp API...
2025-07-24 17:47:08,380 - app.core.database - INFO - Database tables created successfully
2025-07-24 17:47:08,381 - app.main - INFO - Database tables created successfully
2025-07-24 17:47:20,220 - app.main - INFO - Shutting down Car Rental DApp API...
2025-07-24 17:47:22,188 - app.main - INFO - Starting up Car Rental DApp API...
2025-07-24 17:47:22,225 - app.core.database - INFO - Database tables created successfully
2025-07-24 17:47:22,226 - app.main - INFO - Database tables created successfully
2025-07-24 17:47:52,624 - app.main - INFO - Shutting down Car Rental DApp API...
2025-07-24 17:47:54,960 - app.main - INFO - Starting up Car Rental DApp API...
2025-07-24 17:47:54,993 - app.core.database - INFO - Database tables created successfully
2025-07-24 17:47:54,994 - app.main - INFO - Database tables created successfully
2025-07-24 17:48:05,126 - app.main - INFO - Shutting down Car Rental DApp API...
2025-07-24 17:48:07,635 - app.main - INFO - Starting up Car Rental DApp API...
2025-07-24 17:48:07,678 - app.core.database - INFO - Database tables created successfully
2025-07-24 17:48:07,680 - app.main - INFO - Database tables created successfully
2025-07-24 17:51:10,090 - app.main - INFO - Shutting down Car Rental DApp API...
2025-07-24 17:51:13,434 - app.main - INFO - Starting up Car Rental DApp API...
2025-07-24 17:51:13,466 - app.core.database - INFO - Database tables created successfully
2025-07-24 17:51:13,467 - app.main - INFO - Database tables created successfully
2025-07-24 17:51:40,595 - passlib.handlers.bcrypt - WARNING - (trapped) error reading bcrypt version
Traceback (most recent call last):
  File "/usr/local/lib/python3.11/site-packages/passlib/handlers/bcrypt.py", line 620, in _load_backend_mixin
    version = _bcrypt.__about__.__version__
              ^^^^^^^^^^^^^^^^^
AttributeError: module 'bcrypt' has no attribute '__about__'
2025-07-24 17:52:40,996 - app.main - INFO - Shutting down Car Rental DApp API...
2025-07-24 17:52:42,722 - app.main - INFO - Starting up Car Rental DApp API...
2025-07-24 17:52:42,752 - app.core.database - INFO - Database tables created successfully
2025-07-24 17:52:42,753 - app.main - INFO - Database tables created successfully
2025-07-24 18:30:49,569 - app.main - INFO - Shutting down Car Rental DApp API...
